**********************
PowerShell transcript start
Start time: 20221129094808
Username: MIDWESTHOSE\cstogsdill
RunAs User: MIDWESTHOSE\cstogsdill
Configuration Name: 
Machine: OKC-LAP-84 (Microsoft Windows NT 10.0.19044.0)
Host Application: C:\Program Files\PowerShell\7\pwsh.dll -NoProfile -ExecutionPolicy Bypass -Command Import-Module 'c:\Users\cstogsdill\.vscode\extensions\ms-vscode.powershell-2022.11.0\modules\PowerShellEditorServices\PowerShellEditorServices.psd1'; Start-EditorServices -HostName 'Visual Studio Code Host' -HostProfileId 'Microsoft.VSCode' -HostVersion '2022.11.0' -AdditionalModules @('PowerShellEditorServices.VSCode') -BundledModulesPath 'c:\Users\cstogsdill\.vscode\extensions\ms-vscode.powershell-2022.11.0\modules' -EnableConsoleRepl -StartupBanner "PowerShell Extension v2022.11.0
Copyright (c) Microsoft Corporation.

https://aka.ms/vscode-powershell
Type 'help' to get help.
" -LogLevel 'Normal' -LogPath 'c:\Users\cstogsdill\AppData\Roaming\Code\User\globalStorage\ms-vscode.powershell\logs\1669730368-5ada96e0-19e7-4ac9-aac6-8f2618df91ec1669729992840\EditorServices.log' -SessionDetailsPath 'c:\Users\cstogsdill\AppData\Roaming\Code\User\globalStorage\ms-vscode.powershell\sessions\PSES-VSCode-16668-977909.json' -FeatureFlags @() 
Process ID: 16848
PSVersion: 7.3.0
PSEdition: Core
GitCommitId: 7.3.0
OS: Microsoft Windows 10.0.19044
Platform: Win32NT
PSCompatibleVersions: 1.0, 2.0, 3.0, 4.0, 5.0, 5.1.10032.0, 6.0.0, 6.1.0, 6.2.0, 7.0.0, 7.1.0, 7.2.0, 7.3.0
PSRemotingProtocolVersion: 2.3
SerializationVersion: 1.1.0.1
WSManStackVersion: 3.0
**********************
Transcript started, output file is 20221129-PrintMonitor.log

**********************
PowerShell transcript end
End time: 20221129094921
**********************
**********************
PowerShell transcript start
Start time: 20221129094921
Username: MIDWESTHOSE\cstogsdill
RunAs User: MIDWESTHOSE\cstogsdill
Configuration Name: 
Machine: OKC-LAP-84 (Microsoft Windows NT 10.0.19044.0)
Host Application: C:\Program Files\PowerShell\7\pwsh.dll -NoProfile -ExecutionPolicy Bypass -Command Import-Module 'c:\Users\cstogsdill\.vscode\extensions\ms-vscode.powershell-2022.11.0\modules\PowerShellEditorServices\PowerShellEditorServices.psd1'; Start-EditorServices -HostName 'Visual Studio Code Host' -HostProfileId 'Microsoft.VSCode' -HostVersion '2022.11.0' -AdditionalModules @('PowerShellEditorServices.VSCode') -BundledModulesPath 'c:\Users\cstogsdill\.vscode\extensions\ms-vscode.powershell-2022.11.0\modules' -EnableConsoleRepl -StartupBanner "PowerShell Extension v2022.11.0
Copyright (c) Microsoft Corporation.

https://aka.ms/vscode-powershell
Type 'help' to get help.
" -LogLevel 'Normal' -LogPath 'c:\Users\cstogsdill\AppData\Roaming\Code\User\globalStorage\ms-vscode.powershell\logs\1669730368-5ada96e0-19e7-4ac9-aac6-8f2618df91ec1669729992840\EditorServices.log' -SessionDetailsPath 'c:\Users\cstogsdill\AppData\Roaming\Code\User\globalStorage\ms-vscode.powershell\sessions\PSES-VSCode-16668-977909.json' -FeatureFlags @() 
Process ID: 16848
PSVersion: 7.3.0
PSEdition: Core
GitCommitId: 7.3.0
OS: Microsoft Windows 10.0.19044
Platform: Win32NT
PSCompatibleVersions: 1.0, 2.0, 3.0, 4.0, 5.0, 5.1.10032.0, 6.0.0, 6.1.0, 6.2.0, 7.0.0, 7.1.0, 7.2.0, 7.3.0
PSRemotingProtocolVersion: 2.3
SerializationVersion: 1.1.0.1
WSManStackVersion: 3.0
**********************
Transcript started, output file is 20221129-PrintMonitor.log

**********************
PowerShell transcript end
End time: 20221129095028
**********************
**********************
PowerShell transcript start
Start time: 20221129095028
Username: MIDWESTHOSE\cstogsdill
RunAs User: MIDWESTHOSE\cstogsdill
Configuration Name: 
Machine: OKC-LAP-84 (Microsoft Windows NT 10.0.19044.0)
Host Application: C:\Program Files\PowerShell\7\pwsh.dll -NoProfile -ExecutionPolicy Bypass -Command Import-Module 'c:\Users\cstogsdill\.vscode\extensions\ms-vscode.powershell-2022.11.0\modules\PowerShellEditorServices\PowerShellEditorServices.psd1'; Start-EditorServices -HostName 'Visual Studio Code Host' -HostProfileId 'Microsoft.VSCode' -HostVersion '2022.11.0' -AdditionalModules @('PowerShellEditorServices.VSCode') -BundledModulesPath 'c:\Users\cstogsdill\.vscode\extensions\ms-vscode.powershell-2022.11.0\modules' -EnableConsoleRepl -StartupBanner "PowerShell Extension v2022.11.0
Copyright (c) Microsoft Corporation.

https://aka.ms/vscode-powershell
Type 'help' to get help.
" -LogLevel 'Normal' -LogPath 'c:\Users\cstogsdill\AppData\Roaming\Code\User\globalStorage\ms-vscode.powershell\logs\1669730368-5ada96e0-19e7-4ac9-aac6-8f2618df91ec1669729992840\EditorServices.log' -SessionDetailsPath 'c:\Users\cstogsdill\AppData\Roaming\Code\User\globalStorage\ms-vscode.powershell\sessions\PSES-VSCode-16668-977909.json' -FeatureFlags @() 
Process ID: 16848
PSVersion: 7.3.0
PSEdition: Core
GitCommitId: 7.3.0
OS: Microsoft Windows 10.0.19044
Platform: Win32NT
PSCompatibleVersions: 1.0, 2.0, 3.0, 4.0, 5.0, 5.1.10032.0, 6.0.0, 6.1.0, 6.2.0, 7.0.0, 7.1.0, 7.2.0, 7.3.0
PSRemotingProtocolVersion: 2.3
SerializationVersion: 1.1.0.1
WSManStackVersion: 3.0
**********************
Transcript started, output file is 20221129-PrintMonitor.log

PS>TerminatingError(): "The pipeline has been stopped."
>> TerminatingError(): "The pipeline has been stopped."
>> TerminatingError(): "The pipeline has been stopped."
PS Microsoft.PowerShell.Core\FileSystem::\\mwh-storage\Home Drive\cstogsdill\my documents\Code\trulinx-log-troubleshooting> . '\\mwh-storage\Home Drive\cstogsdill\my documents\Code\trulinx-log-troubleshooting\AutoPrintFolderMonitor.ps1'
Transcript started, output file is 20221129-PrintMonitor.log

PS Microsoft.PowerShell.Core\FileSystem::\\mwh-storage\Home Drive\cstogsdill\my documents\Code\trulinx-log-troubleshooting> TerminatingError(): "The pipeline has been stopped."
>> TerminatingError(): "The pipeline has been stopped."
>> TerminatingError(): "The pipeline has been stopped."
PS Microsoft.PowerShell.Core\FileSystem::\\mwh-storage\Home Drive\cstogsdill\my documents\Code\trulinx-log-troubleshooting> 0
0
PS Microsoft.PowerShell.Core\FileSystem::\\mwh-storage\Home Drive\cstogsdill\my documents\Code\trulinx-log-troubleshooting> 0
0
PS Microsoft.PowerShell.Core\FileSystem::\\mwh-storage\Home Drive\cstogsdill\my documents\Code\trulinx-log-troubleshooting> CommandInvocation(Get-Help): "Get-Help"
>> ParameterBinding(Get-Help): name="Name"; value="Start-Transcript"
>> ParameterBinding(Get-Help): name="Online"; value="False"
>> ParameterBinding(Get-Help): name="ErrorAction"; value="Ignore"

NAME
    Start-Transcript

SYNTAX
    Start-Transcript [[-Path] <string>] [-Append] [-Force] [-NoClobber] [-IncludeInvocationHeader] [-UseMinimalHeader] [-WhatIf] [-Confirm] [<CommonParameters>]

    Start-Transcript [[-LiteralPath] <string>] [-Append] [-Force] [-NoClobber] [-IncludeInvocationHeader] [-UseMinimalHeader] [-WhatIf] [-Confirm] [<CommonParameters>]

    Start-Transcript [[-OutputDirectory] <string>] [-Append] [-Force] [-NoClobber] [-IncludeInvocationHeader] [-UseMinimalHeader] [-WhatIf] [-Confirm] [<CommonParameters>]


ALIASES
    None


REMARKS
    Get-Help cannot find the Help files for this cmdlet on this computer. It is displaying only partial help.
        -- To download and install Help files for the module that includes this cmdlet, use Update-Help.
        -- To view the Help topic for this cmdlet online, type: "Get-Help Start-Transcript -Online" or
           go to https://go.microsoft.com/fwlink/?LinkID=2096485.


PS Microsoft.PowerShell.Core\FileSystem::\\mwh-storage\Home Drive\cstogsdill\my documents\Code\trulinx-log-troubleshooting> CommandInvocation(Get-Help): "Get-Help"
>> ParameterBinding(Get-Help): name="Name"; value="Start-Transcript"
>> ParameterBinding(Get-Help): name="Online"; value="False"
>> ParameterBinding(Get-Help): name="ErrorAction"; value="Ignore"

NAME
    Start-Transcript

SYNTAX
    Start-Transcript [[-Path] <string>] [-Append] [-Force] [-NoClobber] [-IncludeInvocationHeader] [-UseMinimalHeader] [-WhatIf] [-Confirm] [<CommonParameters>]

    Start-Transcript [[-LiteralPath] <string>] [-Append] [-Force] [-NoClobber] [-IncludeInvocationHeader] [-UseMinimalHeader] [-WhatIf] [-Confirm] [<CommonParameters>]

    Start-Transcript [[-OutputDirectory] <string>] [-Append] [-Force] [-NoClobber] [-IncludeInvocationHeader] [-UseMinimalHeader] [-WhatIf] [-Confirm] [<CommonParameters>]


ALIASES
    None


REMARKS
    Get-Help cannot find the Help files for this cmdlet on this computer. It is displaying only partial help.
        -- To download and install Help files for the module that includes this cmdlet, use Update-Help.
        -- To view the Help topic for this cmdlet online, type: "Get-Help Start-Transcript -Online" or
           go to https://go.microsoft.com/fwlink/?LinkID=2096485.


PS Microsoft.PowerShell.Core\FileSystem::\\mwh-storage\Home Drive\cstogsdill\my documents\Code\trulinx-log-troubleshooting> 0
0
PS Microsoft.PowerShell.Core\FileSystem::\\mwh-storage\Home Drive\cstogsdill\my documents\Code\trulinx-log-troubleshooting> 0
0
PS Microsoft.PowerShell.Core\FileSystem::\\mwh-storage\Home Drive\cstogsdill\my documents\Code\trulinx-log-troubleshooting> 0
0
PS Microsoft.PowerShell.Core\FileSystem::\\mwh-storage\Home Drive\cstogsdill\my documents\Code\trulinx-log-troubleshooting> TerminatingError(): "The pipeline has been stopped."
>> 0
0
PS Microsoft.PowerShell.Core\FileSystem::\\mwh-storage\Home Drive\cstogsdill\my documents\Code\trulinx-log-troubleshooting> TerminatingError(): "The pipeline has been stopped."
PS Microsoft.PowerShell.Core\FileSystem::\\mwh-storage\Home Drive\cstogsdill\my documents\Code\trulinx-log-troubleshooting> TerminatingError(): "The pipeline has been stopped."
>> 0
0
PS Microsoft.PowerShell.Core\FileSystem::\\mwh-storage\Home Drive\cstogsdill\my documents\Code\trulinx-log-troubleshooting> 0
0
PS Microsoft.PowerShell.Core\FileSystem::\\mwh-storage\Home Drive\cstogsdill\my documents\Code\trulinx-log-troubleshooting> 0
0
PS Microsoft.PowerShell.Core\FileSystem::\\mwh-storage\Home Drive\cstogsdill\my documents\Code\trulinx-log-troubleshooting> 0
0
PS Microsoft.PowerShell.Core\FileSystem::\\mwh-storage\Home Drive\cstogsdill\my documents\Code\trulinx-log-troubleshooting> CommandInvocation(Get-Command): "Get-Command"
>> ParameterBinding(Get-Command): name="ListImported"; value="True"
>> ParameterBinding(Get-Command): name="CommandType"; value="Alias"

CommandType     Name                                               Version    Source
-----------     ----                                               -------    ------
Alias           % -> ForEach-Object
Alias           ? -> Where-Object
Alias           ac -> Add-Content
Alias           cat -> Get-Content
Alias           cd -> Set-Location
Alias           chdir -> Set-Location
Alias           clc -> Clear-Content
Alias           clear -> Clear-Host
Alias           clhy -> Clear-History
Alias           cli -> Clear-Item
Alias           clp -> Clear-ItemProperty
Alias           cls -> Clear-Host
Alias           clv -> Clear-Variable
Alias           cnsn -> Connect-PSSession
Alias           compare -> Compare-Object
Alias           copy -> Copy-Item
Alias           cp -> Copy-Item
Alias           cpi -> Copy-Item
Alias           cpp -> Copy-ItemProperty
Alias           cvpa -> Convert-Path
Alias           dbp -> Disable-PSBreakpoint
Alias           del -> Remove-Item
Alias           diff -> Compare-Object
Alias           dir -> Get-ChildItem
Alias           dnsn -> Disconnect-PSSession
Alias           ebp -> Enable-PSBreakpoint
Alias           echo -> Write-Output
Alias           epal -> Export-Alias
Alias           epcsv -> Export-Csv
Alias           erase -> Remove-Item
Alias           etsn -> Enter-PSSession
Alias           exsn -> Exit-PSSession
Alias           fc -> Format-Custom
Alias           fhx -> Format-Hex                                  7.0.0.0    Microsoft.PowerShell.Utility
Alias           fl -> Format-List
Alias           foreach -> ForEach-Object
Alias           ft -> Format-Table
Alias           fw -> Format-Wide
Alias           gal -> Get-Alias
Alias           gbp -> Get-PSBreakpoint
Alias           gc -> Get-Content
Alias           gcb -> Get-Clipboard                               7.0.0.0    Microsoft.PowerShell.Management
Alias           gci -> Get-ChildItem
Alias           gcm -> Get-Command
Alias           gcs -> Get-PSCallStack
Alias           gdr -> Get-PSDrive
Alias           gerr -> Get-Error
Alias           ghy -> Get-History
Alias           gi -> Get-Item
Alias           gin -> Get-ComputerInfo                            7.0.0.0    Microsoft.PowerShell.Management
Alias           gjb -> Get-Job
Alias           gl -> Get-Location
Alias           gm -> Get-Member
Alias           gmo -> Get-Module
Alias           gp -> Get-ItemProperty
Alias           gps -> Get-Process
Alias           gpv -> Get-ItemPropertyValue
Alias           group -> Group-Object
Alias           gsn -> Get-PSSession
Alias           gsv -> Get-Service
Alias           gtz -> Get-TimeZone                                7.0.0.0    Microsoft.PowerShell.Management
Alias           gu -> Get-Unique
Alias           gv -> Get-Variable
Alias           h -> Get-History
Alias           history -> Get-History
Alias           icm -> Invoke-Command
Alias           iex -> Invoke-Expression
Alias           ihy -> Invoke-History
Alias           ii -> Invoke-Item
Alias           ipal -> Import-Alias
Alias           ipcsv -> Import-Csv
Alias           ipmo -> Import-Module
Alias           irm -> Invoke-RestMethod
Alias           iwr -> Invoke-WebRequest
Alias           kill -> Stop-Process
Alias           ls -> Get-ChildItem
Alias           man -> help
Alias           md -> mkdir
Alias           measure -> Measure-Object
Alias           mi -> Move-Item
Alias           mount -> New-PSDrive
Alias           move -> Move-Item
Alias           mp -> Move-ItemProperty
Alias           mv -> Move-Item
Alias           nal -> New-Alias
Alias           ndr -> New-PSDrive
Alias           ni -> New-Item
Alias           nmo -> New-Module
Alias           nsn -> New-PSSession
Alias           nv -> New-Variable
Alias           ogv -> Out-GridView
Alias           oh -> Out-Host
Alias           popd -> Pop-Location
Alias           ps -> Get-Process
Alias           psedit -> Open-EditorFile                          0.2.0      PowerShellEditorServices.Commands
Alias           pushd -> Push-Location
Alias           pwd -> Get-Location
Alias           r -> Invoke-History
Alias           rbp -> Remove-PSBreakpoint
Alias           rcjb -> Receive-Job
Alias           rcsn -> Receive-PSSession
Alias           rd -> Remove-Item
Alias           rdr -> Remove-PSDrive
Alias           ren -> Rename-Item
Alias           ri -> Remove-Item
Alias           rjb -> Remove-Job
Alias           rm -> Remove-Item
Alias           rmdir -> Remove-Item
Alias           rmo -> Remove-Module
Alias           rni -> Rename-Item
Alias           rnp -> Rename-ItemProperty
Alias           rp -> Remove-ItemProperty
Alias           rsn -> Remove-PSSession
Alias           rv -> Remove-Variable
Alias           rvpa -> Resolve-Path
Alias           sajb -> Start-Job
Alias           sal -> Set-Alias
Alias           saps -> Start-Process
Alias           sasv -> Start-Service
Alias           sbp -> Set-PSBreakpoint
Alias           scb -> Set-Clipboard                               7.0.0.0    Microsoft.PowerShell.Management
Alias           select -> Select-Object
Alias           set -> Set-Variable
Alias           shcm -> Show-Command
Alias           si -> Set-Item
Alias           sl -> Set-Location
Alias           sleep -> Start-Sleep
Alias           sls -> Select-String
Alias           sort -> Sort-Object
Alias           sp -> Set-ItemProperty
Alias           spjb -> Stop-Job
Alias           spps -> Stop-Process
Alias           spsv -> Stop-Service
Alias           start -> Start-Process
Alias           stz -> Set-TimeZone                                7.0.0.0    Microsoft.PowerShell.Management
Alias           sv -> Set-Variable
Alias           tee -> Tee-Object
Alias           type -> Get-Content
Alias           where -> Where-Object
Alias           wjb -> Wait-Job
Alias           write -> Write-Output

PS Microsoft.PowerShell.Core\FileSystem::\\mwh-storage\Home Drive\cstogsdill\my documents\Code\trulinx-log-troubleshooting> 0
0
PS Microsoft.PowerShell.Core\FileSystem::\\mwh-storage\Home Drive\cstogsdill\my documents\Code\trulinx-log-troubleshooting> 0
0
PS Microsoft.PowerShell.Core\FileSystem::\\mwh-storage\Home Drive\cstogsdill\my documents\Code\trulinx-log-troubleshooting> 0
0
PS Microsoft.PowerShell.Core\FileSystem::\\mwh-storage\Home Drive\cstogsdill\my documents\Code\trulinx-log-troubleshooting> . '\\mwh-storage\Home Drive\cstogsdill\my documents\Code\trulinx-log-troubleshooting\AutoPrintFolderMonitor.ps1'
Transcript started, output file is .\logs\20221129-PrintMonitor.log

Transcript stopped, output file is \\mwh-storage\Home Drive\cstogsdill\my documents\Code\trulinx-log-troubleshooting\logs\20221129-PrintMonitor.log
Transcript started, output file is .\logs\20221129-PrintMonitor.log

PS Microsoft.PowerShell.Core\FileSystem::\\mwh-storage\Home Drive\cstogsdill\my documents\Code\trulinx-log-troubleshooting> TerminatingError(): "The pipeline has been stopped."
>> TerminatingError(): "The pipeline has been stopped."
>> TerminatingError(): "The pipeline has been stopped."
PS Microsoft.PowerShell.Core\FileSystem::\\mwh-storage\Home Drive\cstogsdill\my documents\Code\trulinx-log-troubleshooting> 0
0
PS Microsoft.PowerShell.Core\FileSystem::\\mwh-storage\Home Drive\cstogsdill\my documents\Code\trulinx-log-troubleshooting> 0
0
PS Microsoft.PowerShell.Core\FileSystem::\\mwh-storage\Home Drive\cstogsdill\my documents\Code\trulinx-log-troubleshooting> . '\\mwh-storage\Home Drive\cstogsdill\my documents\Code\trulinx-log-troubleshooting\AutoPrintFolderMonitor.ps1'




















PS Microsoft.PowerShell.Core\FileSystem::\\mwh-storage\Home Drive\cstogsdill\my documents\Code\trulinx-log-troubleshooting> TerminatingError(): "The pipeline has been stopped."
>> TerminatingError(): "The pipeline has been stopped."
>> TerminatingError(): "The pipeline has been stopped."
PS Microsoft.PowerShell.Core\FileSystem::\\mwh-storage\Home Drive\cstogsdill\my documents\Code\trulinx-log-troubleshooting> . '\\mwh-storage\Home Drive\cstogsdill\my documents\Code\trulinx-log-troubleshooting\AutoPrintFolderMonitor.ps1'


PS Microsoft.PowerShell.Core\FileSystem::\\mwh-storage\Home Drive\cstogsdill\my documents\Code\trulinx-log-troubleshooting> TerminatingError(): "The pipeline has been stopped."
>> TerminatingError(): "The pipeline has been stopped."
>> TerminatingError(): "The pipeline has been stopped."
