2022-12-01 10:01:26.260612 - starting script
list of services
COM+ Utilities
TrulinX
COM+ QC Dead Letter Queue Listener
COM+ Explorer
COM+ Utilities (32 bit)
VMware Snapshot Provider
System Application

2022-12-01 10:01:56 - Created File event - \\corp-app-11\c$\Users\trbadm\AppData\Local\TrulinX\ReportRunnerLogs\AutoPrinttmpF568.log
2022-12-01 10:02:06 - Created File event - \\corp-app-11\c$\Users\trbadm\AppData\Local\TrulinX\ReportRunnerLogs\AutoPrinttmpF588.log
2022-12-01 10:02:16 - Created File event - \\corp-app-11\c$\Users\trbadm\AppData\Local\TrulinX\ReportRunnerLogs\AutoPrinttmp18A1.log
2022-12-01 10:02:26 - Created File event - \\corp-app-11\c$\Users\trbadm\AppData\Local\TrulinX\ReportRunnerLogs\AutoPrinttmp5A5F.log
2022-12-01 10:03:10 - Created File event - \\corp-app-11\c$\Users\trbadm\AppData\Local\TrulinX\ReportRunnerLogs\AutoPrinttmp1488.log
2022-12-01 10:03:25 - Created File event - \\corp-app-11\c$\Users\trbadm\AppData\Local\TrulinX\ReportRunnerLogs\AutoPrinttmp4F02.log
2022-12-01 10:03:42 - Created File event - \\corp-app-11\c$\Users\trbadm\AppData\Local\TrulinX\ReportRunnerLogs\AutoPrinttmp909F.log
2022-12-01 10:04:57 - Created File event - \\corp-app-11\c$\Users\trbadm\AppData\Local\TrulinX\ReportRunnerLogs\AutoPrinttmpB886.log
2022-12-01 10:05:32 - Created File event - \\corp-app-11\c$\Users\trbadm\AppData\Local\TrulinX\ReportRunnerLogs\AutoPrinttmp3E51.log
2022-12-01 10:05:50 - Created File event - \\corp-app-11\c$\Users\trbadm\AppData\Local\TrulinX\ReportRunnerLogs\AutoPrinttmp8781.log
2022-12-01 10:08:06 - Created File event - \\corp-app-11\c$\Users\trbadm\AppData\Local\TrulinX\ReportRunnerLogs\AutoPrinttmp9A35.log
2022-12-01 10:08:20 - Created File event - \\corp-app-11\c$\Users\trbadm\AppData\Local\TrulinX\ReportRunnerLogs\AutoPrinttmpD1E0.log
2022-12-01 10:09:16 - Created File event - \\corp-app-11\c$\Users\trbadm\AppData\Local\TrulinX\ReportRunnerLogs\AutoPrinttmpAAEC.log
2022-12-01 10:09:46 - Created File event - \\corp-app-11\c$\Users\trbadm\AppData\Local\TrulinX\ReportRunnerLogs\AutoPrinttmp21E2.log
2022-12-01 10:10:55 - Created File event - \\corp-app-11\c$\Users\trbadm\AppData\Local\TrulinX\ReportRunnerLogs\AutoPrinttmp2E71.log
2022-12-01 10:11:47 - Created File event - \\corp-app-11\c$\Users\trbadm\AppData\Local\TrulinX\ReportRunnerLogs\AutoPrinttmpF992.log
Potential issue detected - WorkingFileDict updated
12/01/2022 10:11:47 Validating user login information for OKCCOUNTER.
2022-12-01 10:12:02 - Created File event - \\corp-app-11\c$\Users\trbadm\AppData\Local\TrulinX\ReportRunnerLogs\AutoPrinttmp362E.log
2022-12-01 10:12:16 - Created File event - \\corp-app-11\c$\Users\trbadm\AppData\Local\TrulinX\ReportRunnerLogs\AutoPrinttmp6946.log
2022-12-01 10:12:32 - Created File event - \\corp-app-11\c$\Users\trbadm\AppData\Local\TrulinX\ReportRunnerLogs\AutoPrinttmpA7F5.log
2022-12-01 10:12:54 - Created File event - \\corp-app-11\c$\Users\trbadm\AppData\Local\TrulinX\ReportRunnerLogs\AutoPrinttmp103.log
2022-12-01 10:15:18 - Created File event - \\corp-app-11\c$\Users\trbadm\AppData\Local\TrulinX\ReportRunnerLogs\AutoPrinttmp33B3.log
0:03:40.773345
testing - \\corp-app-11\c$\Users\trbadm\AppData\Local\TrulinX\ReportRunnerLogs\AutoPrinttmpF992.log
File printed successfully - removing from WorkingFileDict
2022-12-01 10:16:18 - Created File event - \\corp-app-11\c$\Users\trbadm\AppData\Local\TrulinX\ReportRunnerLogs\AutoPrinttmp1D39.log
2022-12-01 10:18:53 - Created File event - \\corp-app-11\c$\Users\trbadm\AppData\Local\TrulinX\ReportRunnerLogs\AutoPrinttmp7C39.log
2022-12-01 10:19:19 - Created File event - \\corp-app-11\c$\Users\trbadm\AppData\Local\TrulinX\ReportRunnerLogs\AutoPrinttmpE082.log
2022-12-01 10:19:38 - Created File event - \\corp-app-11\c$\Users\trbadm\AppData\Local\TrulinX\ReportRunnerLogs\AutoPrinttmp28E6.log
2022-12-01 10:19:50 - Created File event - \\corp-app-11\c$\Users\trbadm\AppData\Local\TrulinX\ReportRunnerLogs\AutoPrinttmp5A09.log
2022-12-01 10:20:48 - Created File event - \\corp-app-11\c$\Users\trbadm\AppData\Local\TrulinX\ReportRunnerLogs\AutoPrinttmp3BB0.log
2022-12-01 10:21:15 - Created File event - \\corp-app-11\c$\Users\trbadm\AppData\Local\TrulinX\ReportRunnerLogs\AutoPrinttmpA400.log
2022-12-01 10:23:05 - Created File event - \\corp-app-11\c$\Users\trbadm\AppData\Local\TrulinX\ReportRunnerLogs\AutoPrinttmp5115.log
2022-12-01 10:25:08 - Created File event - \\corp-app-11\c$\Users\trbadm\AppData\Local\TrulinX\ReportRunnerLogs\AutoPrinttmp3324.log
2022-12-01 10:25:56 - Created File event - \\corp-app-11\c$\Users\trbadm\AppData\Local\TrulinX\ReportRunnerLogs\AutoPrinttmpEE95.log
2022-12-01 10:26:27 - Created File event - \\corp-app-11\c$\Users\trbadm\AppData\Local\TrulinX\ReportRunnerLogs\AutoPrinttmp687A.log
2022-12-01 10:28:03 - Created File event - \\corp-app-11\c$\Users\trbadm\AppData\Local\TrulinX\ReportRunnerLogs\AutoPrinttmpE026.log
2022-12-01 10:28:47 - Created File event - \\corp-app-11\c$\Users\trbadm\AppData\Local\TrulinX\ReportRunnerLogs\AutoPrinttmp8A42.log
2022-12-01 10:29:55 - Created File event - \\corp-app-11\c$\Users\trbadm\AppData\Local\TrulinX\ReportRunnerLogs\AutoPrinttmp9625.log
2022-12-01 10:32:49 - Created File event - \\corp-app-11\c$\Users\trbadm\AppData\Local\TrulinX\ReportRunnerLogs\AutoPrinttmp3C8E.log
2022-12-01 10:33:49 - Created File event - \\corp-app-11\c$\Users\trbadm\AppData\Local\TrulinX\ReportRunnerLogs\AutoPrinttmp24AD.log
2022-12-01 10:34:21 - Created File event - \\corp-app-11\c$\Users\trbadm\AppData\Local\TrulinX\ReportRunnerLogs\AutoPrinttmpA1BE.log
2022-12-01 10:34:31 - Created File event - \\corp-app-11\c$\Users\trbadm\AppData\Local\TrulinX\ReportRunnerLogs\AutoPrinttmpC41C.log
2022-12-01 10:34:41 - Created File event - \\corp-app-11\c$\Users\trbadm\AppData\Local\TrulinX\ReportRunnerLogs\AutoPrinttmpD449.log
2022-12-01 10:34:51 - Created File event - \\corp-app-11\c$\Users\trbadm\AppData\Local\TrulinX\ReportRunnerLogs\AutoPrinttmpE94.log
2022-12-01 10:35:38 - Created File event - \\corp-app-11\c$\Users\trbadm\AppData\Local\TrulinX\ReportRunnerLogs\AutoPrinttmpCEC8.log
2022-12-01 10:35:48 - Created File event - \\corp-app-11\c$\Users\trbadm\AppData\Local\TrulinX\ReportRunnerLogs\AutoPrinttmpD63C.log
2022-12-01 10:35:58 - Created File event - \\corp-app-11\c$\Users\trbadm\AppData\Local\TrulinX\ReportRunnerLogs\AutoPrinttmpF619.log
2022-12-01 10:36:25 - Created File event - \\corp-app-11\c$\Users\trbadm\AppData\Local\TrulinX\ReportRunnerLogs\AutoPrinttmp8683.log
2022-12-01 10:37:10 - Created File event - \\corp-app-11\c$\Users\trbadm\AppData\Local\TrulinX\ReportRunnerLogs\AutoPrinttmp36C9.log
2022-12-01 10:37:27 - Created File event - \\corp-app-11\c$\Users\trbadm\AppData\Local\TrulinX\ReportRunnerLogs\AutoPrinttmp78C4.log
2022-12-01 10:37:37 - Created File event - \\corp-app-11\c$\Users\trbadm\AppData\Local\TrulinX\ReportRunnerLogs\AutoPrinttmp873C.log
2022-12-01 10:37:47 - Created File event - \\corp-app-11\c$\Users\trbadm\AppData\Local\TrulinX\ReportRunnerLogs\AutoPrinttmpC4A4.log
2022-12-01 10:37:57 - Created File event - \\corp-app-11\c$\Users\trbadm\AppData\Local\TrulinX\ReportRunnerLogs\AutoPrinttmpD31C.log
2022-12-01 10:38:07 - Created File event - \\corp-app-11\c$\Users\trbadm\AppData\Local\TrulinX\ReportRunnerLogs\AutoPrinttmpE0D9.log
2022-12-01 10:38:17 - Created File event - \\corp-app-11\c$\Users\trbadm\AppData\Local\TrulinX\ReportRunnerLogs\AutoPrinttmpFE45.log
2022-12-01 10:38:27 - Created File event - \\corp-app-11\c$\Users\trbadm\AppData\Local\TrulinX\ReportRunnerLogs\AutoPrinttmp480.log
2022-12-01 10:38:37 - Created File event - \\corp-app-11\c$\Users\trbadm\AppData\Local\TrulinX\ReportRunnerLogs\AutoPrinttmp89ED.log
2022-12-01 10:38:47 - Created File event - \\corp-app-11\c$\Users\trbadm\AppData\Local\TrulinX\ReportRunnerLogs\AutoPrinttmp91FD.log
2022-12-01 10:39:02 - Created File event - \\corp-app-11\c$\Users\trbadm\AppData\Local\TrulinX\ReportRunnerLogs\AutoPrinttmpEDF8.log
2022-12-01 10:39:15 - Created File event - \\corp-app-11\c$\Users\trbadm\AppData\Local\TrulinX\ReportRunnerLogs\AutoPrinttmp20B2.log
2022-12-01 10:39:34 - Created File event - \\corp-app-11\c$\Users\trbadm\AppData\Local\TrulinX\ReportRunnerLogs\AutoPrinttmp6B68.log
2022-12-01 10:40:20 - Created File event - \\corp-app-11\c$\Users\trbadm\AppData\Local\TrulinX\ReportRunnerLogs\AutoPrinttmp1C98.log
2022-12-01 10:41:56 - Created File event - \\corp-app-11\c$\Users\trbadm\AppData\Local\TrulinX\ReportRunnerLogs\AutoPrinttmp9687.log
2022-12-01 10:42:14 - Created File event - \\corp-app-11\c$\Users\trbadm\AppData\Local\TrulinX\ReportRunnerLogs\AutoPrinttmpDA38.log
2022-12-01 10:42:39 - Created File event - \\corp-app-11\c$\Users\trbadm\AppData\Local\TrulinX\ReportRunnerLogs\AutoPrinttmp3C01.log
2022-12-01 10:42:49 - Created File event - \\corp-app-11\c$\Users\trbadm\AppData\Local\TrulinX\ReportRunnerLogs\AutoPrinttmp5AE4.log
2022-12-01 10:43:15 - Created File event - \\corp-app-11\c$\Users\trbadm\AppData\Local\TrulinX\ReportRunnerLogs\AutoPrinttmpCB52.log
2022-12-01 10:43:26 - Created File event - \\corp-app-11\c$\Users\trbadm\AppData\Local\TrulinX\ReportRunnerLogs\AutoPrinttmpF225.log
2022-12-01 10:43:52 - Created File event - \\corp-app-11\c$\Users\trbadm\AppData\Local\TrulinX\ReportRunnerLogs\AutoPrinttmp59B9.log
2022-12-01 10:44:02 - Created File event - \\corp-app-11\c$\Users\trbadm\AppData\Local\TrulinX\ReportRunnerLogs\AutoPrinttmp7DFB.log
2022-12-01 10:44:23 - Created File event - \\corp-app-11\c$\Users\trbadm\AppData\Local\TrulinX\ReportRunnerLogs\AutoPrinttmpD1CA.log
2022-12-01 10:44:46 - Created File event - \\corp-app-11\c$\Users\trbadm\AppData\Local\TrulinX\ReportRunnerLogs\AutoPrinttmp2C9D.log
2022-12-01 10:44:56 - Created File event - \\corp-app-11\c$\Users\trbadm\AppData\Local\TrulinX\ReportRunnerLogs\AutoPrinttmp4BBE.log
2022-12-01 10:46:10 - Created File event - \\corp-app-11\c$\Users\trbadm\AppData\Local\TrulinX\ReportRunnerLogs\AutoPrinttmp7386.log
Potential issue detected - WorkingFileDict updated
12/01/2022 10:46:09 Validating user login information for WILLISTONCOUNTER.
2022-12-01 10:47:27 - Created File event - \\corp-app-11\c$\Users\trbadm\AppData\Local\TrulinX\ReportRunnerLogs\AutoPrinttmpA408.log
2022-12-01 10:47:38 - Created File event - \\corp-app-11\c$\Users\trbadm\AppData\Local\TrulinX\ReportRunnerLogs\AutoPrinttmpCC32.log
2022-12-01 10:47:58 - Created File event - \\corp-app-11\c$\Users\trbadm\AppData\Local\TrulinX\ReportRunnerLogs\AutoPrinttmp1C96.log
2022-12-01 10:48:55 - Created File event - \\corp-app-11\c$\Users\trbadm\AppData\Local\TrulinX\ReportRunnerLogs\AutoPrinttmpF8DD.log
2022-12-01 10:49:16 - Created File event - \\corp-app-11\c$\Users\trbadm\AppData\Local\TrulinX\ReportRunnerLogs\AutoPrinttmp4D19.log
0:03:15.824981
testing - \\corp-app-11\c$\Users\trbadm\AppData\Local\TrulinX\ReportRunnerLogs\AutoPrinttmp7386.log
File printed successfully - removing from WorkingFileDict
2022-12-01 10:49:31 - Created File event - \\corp-app-11\c$\Users\trbadm\AppData\Local\TrulinX\ReportRunnerLogs\AutoPrinttmp885E.log
2022-12-01 10:49:55 - Created File event - \\corp-app-11\c$\Users\trbadm\AppData\Local\TrulinX\ReportRunnerLogs\AutoPrinttmpE582.log
2022-12-01 10:50:24 - Created File event - \\corp-app-11\c$\Users\trbadm\AppData\Local\TrulinX\ReportRunnerLogs\AutoPrinttmp5583.log
2022-12-01 10:50:41 - Created File event - \\corp-app-11\c$\Users\trbadm\AppData\Local\TrulinX\ReportRunnerLogs\AutoPrinttmp9685.log
2022-12-01 10:50:51 - Created File event - \\corp-app-11\c$\Users\trbadm\AppData\Local\TrulinX\ReportRunnerLogs\AutoPrinttmpB96F.log
2022-12-01 10:51:05 - Created File event - \\corp-app-11\c$\Users\trbadm\AppData\Local\TrulinX\ReportRunnerLogs\AutoPrinttmpF61C.log
2022-12-01 10:51:24 - Created File event - \\corp-app-11\c$\Users\trbadm\AppData\Local\TrulinX\ReportRunnerLogs\AutoPrinttmp3E22.log
2022-12-01 10:51:34 - Created File event - \\corp-app-11\c$\Users\trbadm\AppData\Local\TrulinX\ReportRunnerLogs\AutoPrinttmp3E62.log
2022-12-01 10:51:44 - Created File event - \\corp-app-11\c$\Users\trbadm\AppData\Local\TrulinX\ReportRunnerLogs\AutoPrinttmp59AB.log
2022-12-01 10:51:54 - Created File event - \\corp-app-11\c$\Users\trbadm\AppData\Local\TrulinX\ReportRunnerLogs\AutoPrinttmp7794.log
2022-12-01 10:52:33 - Created File event - \\corp-app-11\c$\Users\trbadm\AppData\Local\TrulinX\ReportRunnerLogs\AutoPrinttmp4B7F.log
2022-12-01 10:53:35 - Created File event - \\corp-app-11\c$\Users\trbadm\AppData\Local\TrulinX\ReportRunnerLogs\AutoPrinttmp413A.log
2022-12-01 10:53:45 - Created File event - \\corp-app-11\c$\Users\trbadm\AppData\Local\TrulinX\ReportRunnerLogs\AutoPrinttmp43EB.log
2022-12-01 10:53:55 - Created File event - \\corp-app-11\c$\Users\trbadm\AppData\Local\TrulinX\ReportRunnerLogs\AutoPrinttmp63B9.log
2022-12-01 10:54:05 - Created File event - \\corp-app-11\c$\Users\trbadm\AppData\Local\TrulinX\ReportRunnerLogs\AutoPrinttmpAD07.log
2022-12-01 10:54:16 - Created File event - \\corp-app-11\c$\Users\trbadm\AppData\Local\TrulinX\ReportRunnerLogs\AutoPrinttmpDC27.log
2022-12-01 10:56:28 - Created File event - \\corp-app-11\c$\Users\trbadm\AppData\Local\TrulinX\ReportRunnerLogs\AutoPrinttmpE1AC.log
2022-12-01 10:56:38 - Created File event - \\corp-app-11\c$\Users\trbadm\AppData\Local\TrulinX\ReportRunnerLogs\AutoPrinttmp775.log
2022-12-01 10:56:48 - Created File event - \\corp-app-11\c$\Users\trbadm\AppData\Local\TrulinX\ReportRunnerLogs\AutoPrinttmp2CA2.log
2022-12-01 10:57:00 - Created File event - \\corp-app-11\c$\Users\trbadm\AppData\Local\TrulinX\ReportRunnerLogs\AutoPrinttmp5FA9.log
2022-12-01 10:57:55 - Created File event - \\corp-app-11\c$\Users\trbadm\AppData\Local\TrulinX\ReportRunnerLogs\AutoPrinttmp35B7.log
2022-12-01 10:58:24 - Created File event - \\corp-app-11\c$\Users\trbadm\AppData\Local\TrulinX\ReportRunnerLogs\AutoPrinttmpA75E.log
2022-12-01 10:58:34 - Created File event - \\corp-app-11\c$\Users\trbadm\AppData\Local\TrulinX\ReportRunnerLogs\AutoPrinttmpBAA8.log
2022-12-01 10:58:44 - Created File event - \\corp-app-11\c$\Users\trbadm\AppData\Local\TrulinX\ReportRunnerLogs\AutoPrinttmpCE50.log
2022-12-01 10:58:54 - Created File event - \\corp-app-11\c$\Users\trbadm\AppData\Local\TrulinX\ReportRunnerLogs\AutoPrinttmpCE51.log
2022-12-01 10:59:04 - Created File event - \\corp-app-11\c$\Users\trbadm\AppData\Local\TrulinX\ReportRunnerLogs\AutoPrinttmp10DA.log
2022-12-01 10:59:14 - Created File event - \\corp-app-11\c$\Users\trbadm\AppData\Local\TrulinX\ReportRunnerLogs\AutoPrinttmp2C33.log
2022-12-01 10:59:24 - Created File event - \\corp-app-11\c$\Users\trbadm\AppData\Local\TrulinX\ReportRunnerLogs\AutoPrinttmp4EFE.log
2022-12-01 10:59:34 - Created File event - \\corp-app-11\c$\Users\trbadm\AppData\Local\TrulinX\ReportRunnerLogs\AutoPrinttmp57AA.log
2022-12-01 10:59:44 - Created File event - \\corp-app-11\c$\Users\trbadm\AppData\Local\TrulinX\ReportRunnerLogs\AutoPrinttmp5818.log
2022-12-01 10:59:54 - Created File event - \\corp-app-11\c$\Users\trbadm\AppData\Local\TrulinX\ReportRunnerLogs\AutoPrinttmp910B.log
2022-12-01 11:00:04 - Created File event - \\corp-app-11\c$\Users\trbadm\AppData\Local\TrulinX\ReportRunnerLogs\AutoPrinttmpAF62.log
2022-12-01 11:00:14 - Created File event - \\corp-app-11\c$\Users\trbadm\AppData\Local\TrulinX\ReportRunnerLogs\AutoPrinttmp3154.log
2022-12-01 11:00:32 - Created File event - \\corp-app-11\c$\Users\trbadm\AppData\Local\TrulinX\ReportRunnerLogs\AutoPrinttmp9E67.log
2022-12-01 11:00:43 - Created File event - \\corp-app-11\c$\Users\trbadm\AppData\Local\TrulinX\ReportRunnerLogs\AutoPrinttmpC51B.log
2022-12-01 11:00:53 - Created File event - \\corp-app-11\c$\Users\trbadm\AppData\Local\TrulinX\ReportRunnerLogs\AutoPrinttmpCF2E.log
2022-12-01 11:01:04 - Created File event - \\corp-app-11\c$\Users\trbadm\AppData\Local\TrulinX\ReportRunnerLogs\AutoPrinttmp189C.log
2022-12-01 11:01:42 - Created File event - \\corp-app-11\c$\Users\trbadm\AppData\Local\TrulinX\ReportRunnerLogs\AutoPrinttmpAC51.log
2022-12-01 11:02:14 - Created File event - \\corp-app-11\c$\Users\trbadm\AppData\Local\TrulinX\ReportRunnerLogs\AutoPrinttmp2904.log
2022-12-01 11:02:52 - Created File event - \\corp-app-11\c$\Users\trbadm\AppData\Local\TrulinX\ReportRunnerLogs\AutoPrinttmpBF69.log
2022-12-01 11:03:10 - Created File event - \\corp-app-11\c$\Users\trbadm\AppData\Local\TrulinX\ReportRunnerLogs\AutoPrinttmp424.log
2022-12-01 11:03:36 - Created File event - \\corp-app-11\c$\Users\trbadm\AppData\Local\TrulinX\ReportRunnerLogs\AutoPrinttmp69A5.log
2022-12-01 11:03:46 - Created File event - \\corp-app-11\c$\Users\trbadm\AppData\Local\TrulinX\ReportRunnerLogs\AutoPrinttmp9356.log
2022-12-01 11:03:57 - Created File event - \\corp-app-11\c$\Users\trbadm\AppData\Local\TrulinX\ReportRunnerLogs\AutoPrinttmpBC1C.log
2022-12-01 11:04:35 - Created File event - \\corp-app-11\c$\Users\trbadm\AppData\Local\TrulinX\ReportRunnerLogs\AutoPrinttmp5010.log
2022-12-01 11:04:52 - Created File event - \\corp-app-11\c$\Users\trbadm\AppData\Local\TrulinX\ReportRunnerLogs\AutoPrinttmp9558.log
2022-12-01 11:05:02 - Created File event - \\corp-app-11\c$\Users\trbadm\AppData\Local\TrulinX\ReportRunnerLogs\AutoPrinttmpA8C2.log
2022-12-01 11:05:12 - Created File event - \\corp-app-11\c$\Users\trbadm\AppData\Local\TrulinX\ReportRunnerLogs\AutoPrinttmpC747.log
2022-12-01 11:05:43 - Created File event - \\corp-app-11\c$\Users\trbadm\AppData\Local\TrulinX\ReportRunnerLogs\AutoPrinttmp5BD7.log
2022-12-01 11:06:21 - Created File event - \\corp-app-11\c$\Users\trbadm\AppData\Local\TrulinX\ReportRunnerLogs\AutoPrinttmpEF00.log
2022-12-01 11:06:52 - Created File event - \\corp-app-11\c$\Users\trbadm\AppData\Local\TrulinX\ReportRunnerLogs\AutoPrinttmp6867.log
2022-12-01 11:07:02 - Created File event - \\corp-app-11\c$\Users\trbadm\AppData\Local\TrulinX\ReportRunnerLogs\AutoPrinttmp87F6.log
2022-12-01 11:07:55 - Created File event - \\corp-app-11\c$\Users\trbadm\AppData\Local\TrulinX\ReportRunnerLogs\AutoPrinttmp5E04.log
2022-12-01 11:08:24 - Created File event - \\corp-app-11\c$\Users\trbadm\AppData\Local\TrulinX\ReportRunnerLogs\AutoPrinttmpD0F3.log
2022-12-01 11:10:20 - Created File event - \\corp-app-11\c$\Users\trbadm\AppData\Local\TrulinX\ReportRunnerLogs\AutoPrinttmp95A7.log
2022-12-01 11:11:44 - Created File event - \\corp-app-11\c$\Users\trbadm\AppData\Local\TrulinX\ReportRunnerLogs\AutoPrinttmpDBD4.log
2022-12-01 11:12:06 - Created File event - \\corp-app-11\c$\Users\trbadm\AppData\Local\TrulinX\ReportRunnerLogs\AutoPrinttmp33C8.log
2022-12-01 11:13:31 - Created File event - \\corp-app-11\c$\Users\trbadm\AppData\Local\TrulinX\ReportRunnerLogs\AutoPrinttmp7F83.log
2022-12-01 11:14:10 - Created File event - \\corp-app-11\c$\Users\trbadm\AppData\Local\TrulinX\ReportRunnerLogs\AutoPrinttmp1665.log
2022-12-01 11:14:44 - Created File event - \\corp-app-11\c$\Users\trbadm\AppData\Local\TrulinX\ReportRunnerLogs\AutoPrinttmp9A5C.log
2022-12-01 11:14:54 - Created File event - \\corp-app-11\c$\Users\trbadm\AppData\Local\TrulinX\ReportRunnerLogs\AutoPrinttmpB9AC.log
2022-12-01 11:15:04 - Created File event - \\corp-app-11\c$\Users\trbadm\AppData\Local\TrulinX\ReportRunnerLogs\AutoPrinttmpE273.log
2022-12-01 11:15:17 - Created File event - \\corp-app-11\c$\Users\trbadm\AppData\Local\TrulinX\ReportRunnerLogs\AutoPrinttmp1E06.log
2022-12-01 11:15:27 - Created File event - \\corp-app-11\c$\Users\trbadm\AppData\Local\TrulinX\ReportRunnerLogs\AutoPrinttmp2E43.log
2022-12-01 11:15:37 - Created File event - \\corp-app-11\c$\Users\trbadm\AppData\Local\TrulinX\ReportRunnerLogs\AutoPrinttmp41AD.log
2022-12-01 11:15:47 - Created File event - \\corp-app-11\c$\Users\trbadm\AppData\Local\TrulinX\ReportRunnerLogs\AutoPrinttmp854E.log
2022-12-01 11:16:03 - Created File event - \\corp-app-11\c$\Users\trbadm\AppData\Local\TrulinX\ReportRunnerLogs\AutoPrinttmpD0CF.log
2022-12-01 11:16:24 - Created File event - \\corp-app-11\c$\Users\trbadm\AppData\Local\TrulinX\ReportRunnerLogs\AutoPrinttmp21CF.log
2022-12-01 11:16:34 - Created File event - \\corp-app-11\c$\Users\trbadm\AppData\Local\TrulinX\ReportRunnerLogs\AutoPrinttmp3C9B.log
2022-12-01 11:16:56 - Created File event - \\corp-app-11\c$\Users\trbadm\AppData\Local\TrulinX\ReportRunnerLogs\AutoPrinttmpA171.log
2022-12-01 11:17:06 - Created File event - \\corp-app-11\c$\Users\trbadm\AppData\Local\TrulinX\ReportRunnerLogs\AutoPrinttmpC862.log
2022-12-01 11:17:16 - Created File event - \\corp-app-11\c$\Users\trbadm\AppData\Local\TrulinX\ReportRunnerLogs\AutoPrinttmpCB80.log
2022-12-01 11:17:49 - Created File event - \\corp-app-11\c$\Users\trbadm\AppData\Local\TrulinX\ReportRunnerLogs\AutoPrinttmp6D4F.log
2022-12-01 11:18:23 - Created File event - \\corp-app-11\c$\Users\trbadm\AppData\Local\TrulinX\ReportRunnerLogs\AutoPrinttmpF24F.log
2022-12-01 11:18:33 - Created File event - \\corp-app-11\c$\Users\trbadm\AppData\Local\TrulinX\ReportRunnerLogs\AutoPrinttmp57A.log
2022-12-01 11:18:48 - Created File event - \\corp-app-11\c$\Users\trbadm\AppData\Local\TrulinX\ReportRunnerLogs\AutoPrinttmp5466.log
2022-12-01 11:19:03 - Created File event - \\corp-app-11\c$\Users\trbadm\AppData\Local\TrulinX\ReportRunnerLogs\AutoPrinttmp8E73.log
2022-12-01 11:19:46 - Created File event - \\corp-app-11\c$\Users\trbadm\AppData\Local\TrulinX\ReportRunnerLogs\AutoPrinttmp3989.log
2022-12-01 11:19:56 - Created File event - \\corp-app-11\c$\Users\trbadm\AppData\Local\TrulinX\ReportRunnerLogs\AutoPrinttmp4716.log
2022-12-01 11:20:06 - Created File event - \\corp-app-11\c$\Users\trbadm\AppData\Local\TrulinX\ReportRunnerLogs\AutoPrinttmp7079.log
2022-12-01 11:23:14 - Created File event - \\corp-app-11\c$\Users\trbadm\AppData\Local\TrulinX\ReportRunnerLogs\AutoPrinttmp633D.log
2022-12-01 11:23:30 - Created File event - \\corp-app-11\c$\Users\trbadm\AppData\Local\TrulinX\ReportRunnerLogs\AutoPrinttmpA4CB.log
2022-12-01 11:23:41 - Created File event - \\corp-app-11\c$\Users\trbadm\AppData\Local\TrulinX\ReportRunnerLogs\AutoPrinttmpCF57.log
2022-12-01 11:23:51 - Created File event - \\corp-app-11\c$\Users\trbadm\AppData\Local\TrulinX\ReportRunnerLogs\AutoPrinttmpF389.log
2022-12-01 11:25:31 - Created File event - \\corp-app-11\c$\Users\trbadm\AppData\Local\TrulinX\ReportRunnerLogs\AutoPrinttmp7D47.log
2022-12-01 11:25:44 - Created File event - \\corp-app-11\c$\Users\trbadm\AppData\Local\TrulinX\ReportRunnerLogs\AutoPrinttmpAC86.log
2022-12-01 11:25:54 - Created File event - \\corp-app-11\c$\Users\trbadm\AppData\Local\TrulinX\ReportRunnerLogs\AutoPrinttmpBE88.log
2022-12-01 11:26:04 - Created File event - \\corp-app-11\c$\Users\trbadm\AppData\Local\TrulinX\ReportRunnerLogs\AutoPrinttmpCEE5.log
2022-12-01 11:26:14 - Created File event - \\corp-app-11\c$\Users\trbadm\AppData\Local\TrulinX\ReportRunnerLogs\AutoPrinttmpF22D.log
2022-12-01 11:26:25 - Created File event - \\corp-app-11\c$\Users\trbadm\AppData\Local\TrulinX\ReportRunnerLogs\AutoPrinttmp4CB2.log
2022-12-01 11:26:35 - Created File event - \\corp-app-11\c$\Users\trbadm\AppData\Local\TrulinX\ReportRunnerLogs\AutoPrinttmp5B2A.log
2022-12-01 11:26:45 - Created File event - \\corp-app-11\c$\Users\trbadm\AppData\Local\TrulinX\ReportRunnerLogs\AutoPrinttmp750C.log
2022-12-01 11:26:55 - Created File event - \\corp-app-11\c$\Users\trbadm\AppData\Local\TrulinX\ReportRunnerLogs\AutoPrinttmpB8DC.log
2022-12-01 11:27:05 - Created File event - \\corp-app-11\c$\Users\trbadm\AppData\Local\TrulinX\ReportRunnerLogs\AutoPrinttmpD493.log
2022-12-01 11:27:15 - Created File event - \\corp-app-11\c$\Users\trbadm\AppData\Local\TrulinX\ReportRunnerLogs\AutoPrinttmpD5FC.log
2022-12-01 11:27:28 - Created File event - \\corp-app-11\c$\Users\trbadm\AppData\Local\TrulinX\ReportRunnerLogs\AutoPrinttmp44B4.log
2022-12-01 11:28:23 - Created File event - \\corp-app-11\c$\Users\trbadm\AppData\Local\TrulinX\ReportRunnerLogs\AutoPrinttmp1A45.log
2022-12-01 11:29:10 - Created File event - \\corp-app-11\c$\Users\trbadm\AppData\Local\TrulinX\ReportRunnerLogs\AutoPrinttmpD3D2.log
2022-12-01 11:29:34 - Created File event - \\corp-app-11\c$\Users\trbadm\AppData\Local\TrulinX\ReportRunnerLogs\AutoPrinttmp2F03.log
Potential issue detected - WorkingFileDict updated
12/01/2022 11:29:33 Validating user login information for SLCCOUNTER.
2022-12-01 11:29:44 - Created File event - \\corp-app-11\c$\Users\trbadm\AppData\Local\TrulinX\ReportRunnerLogs\AutoPrinttmp306B.log
Potential issue detected - WorkingFileDict updated
12/01/2022 11:29:34 Validating user login information for OKCCOUNTER.
2022-12-01 11:30:58 - Created File event - \\corp-app-11\c$\Users\trbadm\AppData\Local\TrulinX\ReportRunnerLogs\AutoPrinttmp79A6.log
2022-12-01 11:31:08 - Created File event - \\corp-app-11\c$\Users\trbadm\AppData\Local\TrulinX\ReportRunnerLogs\AutoPrinttmp9E74.log
2022-12-01 11:31:18 - Created File event - \\corp-app-11\c$\Users\trbadm\AppData\Local\TrulinX\ReportRunnerLogs\AutoPrinttmpAE73.log
2022-12-01 11:31:28 - Created File event - \\corp-app-11\c$\Users\trbadm\AppData\Local\TrulinX\ReportRunnerLogs\AutoPrinttmpB3F2.log
2022-12-01 11:31:38 - Created File event - \\corp-app-11\c$\Users\trbadm\AppData\Local\TrulinX\ReportRunnerLogs\AutoPrinttmpE67D.log
2022-12-01 11:31:48 - Created File event - \\corp-app-11\c$\Users\trbadm\AppData\Local\TrulinX\ReportRunnerLogs\AutoPrinttmp36C1.log
2022-12-01 11:32:18 - Created File event - \\corp-app-11\c$\Users\trbadm\AppData\Local\TrulinX\ReportRunnerLogs\AutoPrinttmpB306.log
2022-12-01 11:32:47 - Created File event - \\corp-app-11\c$\Users\trbadm\AppData\Local\TrulinX\ReportRunnerLogs\AutoPrinttmp224C.log
0:03:22.453829
testing - \\corp-app-11\c$\Users\trbadm\AppData\Local\TrulinX\ReportRunnerLogs\AutoPrinttmp2F03.log
File printed successfully - removing from WorkingFileDict
0:03:22.479830
testing - \\corp-app-11\c$\Users\trbadm\AppData\Local\TrulinX\ReportRunnerLogs\AutoPrinttmp306B.log
File printed successfully - removing from WorkingFileDict
2022-12-01 11:32:59 - Created File event - \\corp-app-11\c$\Users\trbadm\AppData\Local\TrulinX\ReportRunnerLogs\AutoPrinttmp5301.log
2022-12-01 11:33:23 - Created File event - \\corp-app-11\c$\Users\trbadm\AppData\Local\TrulinX\ReportRunnerLogs\AutoPrinttmpB101.log
2022-12-01 11:34:48 - Created File event - \\corp-app-11\c$\Users\trbadm\AppData\Local\TrulinX\ReportRunnerLogs\AutoPrinttmpF9DD.log
2022-12-01 11:34:58 - Created File event - \\corp-app-11\c$\Users\trbadm\AppData\Local\TrulinX\ReportRunnerLogs\AutoPrinttmp1D35.log
2022-12-01 11:35:15 - Created File event - \\corp-app-11\c$\Users\trbadm\AppData\Local\TrulinX\ReportRunnerLogs\AutoPrinttmp6413.log
2022-12-01 11:35:26 - Created File event - \\corp-app-11\c$\Users\trbadm\AppData\Local\TrulinX\ReportRunnerLogs\AutoPrinttmp8E02.log
2022-12-01 11:36:22 - Created File event - \\corp-app-11\c$\Users\trbadm\AppData\Local\TrulinX\ReportRunnerLogs\AutoPrinttmp6B15.log
2022-12-01 11:37:28 - Created File event - \\corp-app-11\c$\Users\trbadm\AppData\Local\TrulinX\ReportRunnerLogs\AutoPrinttmp6D25.log
2022-12-01 11:38:46 - Created File event - \\corp-app-11\c$\Users\trbadm\AppData\Local\TrulinX\ReportRunnerLogs\AutoPrinttmp9B16.log
2022-12-01 11:39:49 - Created File event - \\corp-app-11\c$\Users\trbadm\AppData\Local\TrulinX\ReportRunnerLogs\AutoPrinttmp9352.log
2022-12-01 11:40:16 - Created File event - \\corp-app-11\c$\Users\trbadm\AppData\Local\TrulinX\ReportRunnerLogs\AutoPrinttmpFD0A.log
2022-12-01 11:41:35 - Created File event - \\corp-app-11\c$\Users\trbadm\AppData\Local\TrulinX\ReportRunnerLogs\AutoPrinttmp3210.log
2022-12-01 11:42:38 - Created File event - \\corp-app-11\c$\Users\trbadm\AppData\Local\TrulinX\ReportRunnerLogs\AutoPrinttmp26E1.log
2022-12-01 11:43:30 - Created File event - \\corp-app-11\c$\Users\trbadm\AppData\Local\TrulinX\ReportRunnerLogs\AutoPrinttmpF07B.log
2022-12-01 11:43:40 - Created File event - \\corp-app-11\c$\Users\trbadm\AppData\Local\TrulinX\ReportRunnerLogs\AutoPrinttmpCDE.log
2022-12-01 11:43:50 - Created File event - \\corp-app-11\c$\Users\trbadm\AppData\Local\TrulinX\ReportRunnerLogs\AutoPrinttmp153C.log
2022-12-01 11:44:03 - Created File event - \\corp-app-11\c$\Users\trbadm\AppData\Local\TrulinX\ReportRunnerLogs\AutoPrinttmp74D1.log
2022-12-01 11:44:41 - Created File event - \\corp-app-11\c$\Users\trbadm\AppData\Local\TrulinX\ReportRunnerLogs\AutoPrinttmp8C5.log
2022-12-01 11:47:11 - Created File event - \\corp-app-11\c$\Users\trbadm\AppData\Local\TrulinX\ReportRunnerLogs\AutoPrinttmp516E.log
2022-12-01 11:48:04 - Created File event - \\corp-app-11\c$\Users\trbadm\AppData\Local\TrulinX\ReportRunnerLogs\AutoPrinttmp2058.log
2022-12-01 11:48:30 - Created File event - \\corp-app-11\c$\Users\trbadm\AppData\Local\TrulinX\ReportRunnerLogs\AutoPrinttmp8414.log
2022-12-01 11:49:08 - Created File event - \\corp-app-11\c$\Users\trbadm\AppData\Local\TrulinX\ReportRunnerLogs\AutoPrinttmp1922.log
2022-12-01 11:49:27 - Created File event - \\corp-app-11\c$\Users\trbadm\AppData\Local\TrulinX\ReportRunnerLogs\AutoPrinttmp635B.log
2022-12-01 11:49:52 - Created File event - \\corp-app-11\c$\Users\trbadm\AppData\Local\TrulinX\ReportRunnerLogs\AutoPrinttmpC532.log
2022-12-01 11:50:18 - Created File event - \\corp-app-11\c$\Users\trbadm\AppData\Local\TrulinX\ReportRunnerLogs\AutoPrinttmp2CD7.log
2022-12-01 11:51:07 - Created File event - \\corp-app-11\c$\Users\trbadm\AppData\Local\TrulinX\ReportRunnerLogs\AutoPrinttmpEC7E.log
2022-12-01 11:51:39 - Created File event - \\corp-app-11\c$\Users\trbadm\AppData\Local\TrulinX\ReportRunnerLogs\AutoPrinttmp674D.log
2022-12-01 11:52:33 - Created File event - \\corp-app-11\c$\Users\trbadm\AppData\Local\TrulinX\ReportRunnerLogs\AutoPrinttmp3B67.log
2022-12-01 11:52:43 - Created File event - \\corp-app-11\c$\Users\trbadm\AppData\Local\TrulinX\ReportRunnerLogs\AutoPrinttmp5400.log
2022-12-01 11:52:53 - Created File event - \\corp-app-11\c$\Users\trbadm\AppData\Local\TrulinX\ReportRunnerLogs\AutoPrinttmp5C3F.log
2022-12-01 11:53:03 - Created File event - \\corp-app-11\c$\Users\trbadm\AppData\Local\TrulinX\ReportRunnerLogs\AutoPrinttmp6AB7.log
2022-12-01 11:53:13 - Created File event - \\corp-app-11\c$\Users\trbadm\AppData\Local\TrulinX\ReportRunnerLogs\AutoPrinttmpA9E4.log
2022-12-01 11:53:23 - Created File event - \\corp-app-11\c$\Users\trbadm\AppData\Local\TrulinX\ReportRunnerLogs\AutoPrinttmpE279.log
2022-12-01 11:53:46 - Created File event - \\corp-app-11\c$\Users\trbadm\AppData\Local\TrulinX\ReportRunnerLogs\AutoPrinttmp5856.log
2022-12-01 11:54:05 - Created File event - \\corp-app-11\c$\Users\trbadm\AppData\Local\TrulinX\ReportRunnerLogs\AutoPrinttmpA2CE.log
2022-12-01 11:54:25 - Created File event - \\corp-app-11\c$\Users\trbadm\AppData\Local\TrulinX\ReportRunnerLogs\AutoPrinttmpF1AA.log
2022-12-01 11:54:48 - Created File event - \\corp-app-11\c$\Users\trbadm\AppData\Local\TrulinX\ReportRunnerLogs\AutoPrinttmp4B83.log
2022-12-01 11:56:05 - Created File event - \\corp-app-11\c$\Users\trbadm\AppData\Local\TrulinX\ReportRunnerLogs\AutoPrinttmp75FA.log
Potential issue detected - WorkingFileDict updated
12/01/2022 11:56:04 Validating user login information for FTWCOUNTER.
2022-12-01 11:56:54 - Created File event - \\corp-app-11\c$\Users\trbadm\AppData\Local\TrulinX\ReportRunnerLogs\AutoPrinttmp3851.log
2022-12-01 11:57:19 - Created File event - \\corp-app-11\c$\Users\trbadm\AppData\Local\TrulinX\ReportRunnerLogs\AutoPrinttmp99EB.log
2022-12-01 11:57:29 - Created File event - \\corp-app-11\c$\Users\trbadm\AppData\Local\TrulinX\ReportRunnerLogs\AutoPrinttmpA371.log
2022-12-01 11:58:03 - Created File event - \\corp-app-11\c$\Users\trbadm\AppData\Local\TrulinX\ReportRunnerLogs\AutoPrinttmp42BF.log
2022-12-01 11:58:15 - Created File event - \\corp-app-11\c$\Users\trbadm\AppData\Local\TrulinX\ReportRunnerLogs\AutoPrinttmp7450.log
2022-12-01 11:58:25 - Created File event - \\corp-app-11\c$\Users\trbadm\AppData\Local\TrulinX\ReportRunnerLogs\AutoPrinttmp8B34.log
2022-12-01 11:58:35 - Created File event - \\corp-app-11\c$\Users\trbadm\AppData\Local\TrulinX\ReportRunnerLogs\AutoPrinttmpBB4E.log
2022-12-01 11:58:45 - Created File event - \\corp-app-11\c$\Users\trbadm\AppData\Local\TrulinX\ReportRunnerLogs\AutoPrinttmpD53F.log
2022-12-01 11:58:55 - Created File event - \\corp-app-11\c$\Users\trbadm\AppData\Local\TrulinX\ReportRunnerLogs\AutoPrinttmpE1D3.log
2022-12-01 11:59:05 - Created File event - \\corp-app-11\c$\Users\trbadm\AppData\Local\TrulinX\ReportRunnerLogs\AutoPrinttmpEF22.log
0:03:09.997313
testing - \\corp-app-11\c$\Users\trbadm\AppData\Local\TrulinX\ReportRunnerLogs\AutoPrinttmp75FA.log
File printed successfully - removing from WorkingFileDict
2022-12-01 11:59:16 - Created File event - \\corp-app-11\c$\Users\trbadm\AppData\Local\TrulinX\ReportRunnerLogs\AutoPrinttmp2D07.log
2022-12-01 11:59:29 - Created File event - \\corp-app-11\c$\Users\trbadm\AppData\Local\TrulinX\ReportRunnerLogs\AutoPrinttmp9306.log
2022-12-01 12:00:59 - Created File event - \\corp-app-11\c$\Users\trbadm\AppData\Local\TrulinX\ReportRunnerLogs\AutoPrinttmpF2F4.log
2022-12-01 12:03:43 - Created File event - \\corp-app-11\c$\Users\trbadm\AppData\Local\TrulinX\ReportRunnerLogs\AutoPrinttmp72F9.log
2022-12-01 12:04:45 - Created File event - \\corp-app-11\c$\Users\trbadm\AppData\Local\TrulinX\ReportRunnerLogs\AutoPrinttmp6818.log
2022-12-01 12:05:28 - Created File event - \\corp-app-11\c$\Users\trbadm\AppData\Local\TrulinX\ReportRunnerLogs\AutoPrinttmpD90.log
2022-12-01 12:05:43 - Created File event - \\corp-app-11\c$\Users\trbadm\AppData\Local\TrulinX\ReportRunnerLogs\AutoPrinttmp4981.log
2022-12-01 12:06:15 - Created File event - \\corp-app-11\c$\Users\trbadm\AppData\Local\TrulinX\ReportRunnerLogs\AutoPrinttmpC450.log
2022-12-01 12:06:25 - Created File event - \\corp-app-11\c$\Users\trbadm\AppData\Local\TrulinX\ReportRunnerLogs\AutoPrinttmpEBED.log
2022-12-01 12:06:55 - Created File event - \\corp-app-11\c$\Users\trbadm\AppData\Local\TrulinX\ReportRunnerLogs\AutoPrinttmp6072.log
2022-12-01 12:07:05 - Created File event - \\corp-app-11\c$\Users\trbadm\AppData\Local\TrulinX\ReportRunnerLogs\AutoPrinttmp7469.log
2022-12-01 12:08:51 - Created File event - \\corp-app-11\c$\Users\trbadm\AppData\Local\TrulinX\ReportRunnerLogs\AutoPrinttmp26BD.log
2022-12-01 12:09:43 - Created File event - \\corp-app-11\c$\Users\trbadm\AppData\Local\TrulinX\ReportRunnerLogs\AutoPrinttmpF3E2.log
2022-12-01 12:09:59 - Created File event - \\corp-app-11\c$\Users\trbadm\AppData\Local\TrulinX\ReportRunnerLogs\AutoPrinttmp3263.log
2022-12-01 12:10:09 - Created File event - \\corp-app-11\c$\Users\trbadm\AppData\Local\TrulinX\ReportRunnerLogs\AutoPrinttmp4C55.log
2022-12-01 12:10:25 - Created File event - \\corp-app-11\c$\Users\trbadm\AppData\Local\TrulinX\ReportRunnerLogs\AutoPrinttmp9630.log
2022-12-01 12:10:35 - Created File event - \\corp-app-11\c$\Users\trbadm\AppData\Local\TrulinX\ReportRunnerLogs\AutoPrinttmp9CF7.log
2022-12-01 12:11:20 - Created File event - \\corp-app-11\c$\Users\trbadm\AppData\Local\TrulinX\ReportRunnerLogs\AutoPrinttmp6C10.log
2022-12-01 12:11:49 - Created File event - \\corp-app-11\c$\Users\trbadm\AppData\Local\TrulinX\ReportRunnerLogs\AutoPrinttmpDFD9.log
2022-12-01 12:12:10 - Created File event - \\corp-app-11\c$\Users\trbadm\AppData\Local\TrulinX\ReportRunnerLogs\AutoPrinttmp2EB6.log
2022-12-01 12:12:25 - Created File event - \\corp-app-11\c$\Users\trbadm\AppData\Local\TrulinX\ReportRunnerLogs\AutoPrinttmp695F.log
2022-12-01 12:12:47 - Created File event - \\corp-app-11\c$\Users\trbadm\AppData\Local\TrulinX\ReportRunnerLogs\AutoPrinttmpBF21.log
2022-12-01 12:13:54 - Created File event - \\corp-app-11\c$\Users\trbadm\AppData\Local\TrulinX\ReportRunnerLogs\AutoPrinttmpC6DD.log
2022-12-01 12:14:04 - Created File event - \\corp-app-11\c$\Users\trbadm\AppData\Local\TrulinX\ReportRunnerLogs\AutoPrinttmpCC9B.log
2022-12-01 12:15:25 - Created File event - \\corp-app-11\c$\Users\trbadm\AppData\Local\TrulinX\ReportRunnerLogs\AutoPrinttmp293E.log
2022-12-01 12:16:12 - Created File event - \\corp-app-11\c$\Users\trbadm\AppData\Local\TrulinX\ReportRunnerLogs\AutoPrinttmpDFED.log
2022-12-01 12:18:47 - Created File event - \\corp-app-11\c$\Users\trbadm\AppData\Local\TrulinX\ReportRunnerLogs\AutoPrinttmp3FD7.log
2022-12-01 12:20:19 - Created File event - \\corp-app-11\c$\Users\trbadm\AppData\Local\TrulinX\ReportRunnerLogs\AutoPrinttmpA4D6.log
2022-12-01 12:20:41 - Created File event - \\corp-app-11\c$\Users\trbadm\AppData\Local\TrulinX\ReportRunnerLogs\AutoPrinttmpFB25.log
2022-12-01 12:21:23 - Created File event - \\corp-app-11\c$\Users\trbadm\AppData\Local\TrulinX\ReportRunnerLogs\AutoPrinttmpA253.log
2022-12-01 12:23:07 - Created File event - \\corp-app-11\c$\Users\trbadm\AppData\Local\TrulinX\ReportRunnerLogs\AutoPrinttmp3807.log
2022-12-01 12:24:14 - Created File event - \\corp-app-11\c$\Users\trbadm\AppData\Local\TrulinX\ReportRunnerLogs\AutoPrinttmp3D72.log
2022-12-01 12:24:52 - Created File event - \\corp-app-11\c$\Users\trbadm\AppData\Local\TrulinX\ReportRunnerLogs\AutoPrinttmpD28F.log
2022-12-01 12:25:02 - Created File event - \\corp-app-11\c$\Users\trbadm\AppData\Local\TrulinX\ReportRunnerLogs\AutoPrinttmpDCE1.log
2022-12-01 12:25:12 - Created File event - \\corp-app-11\c$\Users\trbadm\AppData\Local\TrulinX\ReportRunnerLogs\AutoPrinttmpF8C6.log
2022-12-01 12:25:23 - Created File event - \\corp-app-11\c$\Users\trbadm\AppData\Local\TrulinX\ReportRunnerLogs\AutoPrinttmp26FB.log
2022-12-01 12:25:33 - Created File event - \\corp-app-11\c$\Users\trbadm\AppData\Local\TrulinX\ReportRunnerLogs\AutoPrinttmp2835.log
2022-12-01 12:26:16 - Created File event - \\corp-app-11\c$\Users\trbadm\AppData\Local\TrulinX\ReportRunnerLogs\AutoPrinttmp1833.log
2022-12-01 12:26:26 - Created File event - \\corp-app-11\c$\Users\trbadm\AppData\Local\TrulinX\ReportRunnerLogs\AutoPrinttmp18A2.log
2022-12-01 12:26:45 - Created File event - \\corp-app-11\c$\Users\trbadm\AppData\Local\TrulinX\ReportRunnerLogs\AutoPrinttmp8AF4.log
2022-12-01 12:28:23 - Created File event - \\corp-app-11\c$\Users\trbadm\AppData\Local\TrulinX\ReportRunnerLogs\AutoPrinttmpBB9.log
2022-12-01 12:28:41 - Created File event - \\corp-app-11\c$\Users\trbadm\AppData\Local\TrulinX\ReportRunnerLogs\AutoPrinttmp5055.log
2022-12-01 12:28:59 - Created File event - \\corp-app-11\c$\Users\trbadm\AppData\Local\TrulinX\ReportRunnerLogs\AutoPrinttmp9733.log
2022-12-01 12:29:09 - Created File event - \\corp-app-11\c$\Users\trbadm\AppData\Local\TrulinX\ReportRunnerLogs\AutoPrinttmp9F90.log
2022-12-01 12:30:28 - Created File event - \\corp-app-11\c$\Users\trbadm\AppData\Local\TrulinX\ReportRunnerLogs\AutoPrinttmpF1C3.log
2022-12-01 12:30:38 - Created File event - \\corp-app-11\c$\Users\trbadm\AppData\Local\TrulinX\ReportRunnerLogs\AutoPrinttmp80B.log
2022-12-01 12:33:22 - Created File event - \\corp-app-11\c$\Users\trbadm\AppData\Local\TrulinX\ReportRunnerLogs\AutoPrinttmp9A60.log
2022-12-01 12:33:41 - Created File event - \\corp-app-11\c$\Users\trbadm\AppData\Local\TrulinX\ReportRunnerLogs\AutoPrinttmpE4A8.log
2022-12-01 12:35:32 - Created File event - \\corp-app-11\c$\Users\trbadm\AppData\Local\TrulinX\ReportRunnerLogs\AutoPrinttmp973B.log
2022-12-01 12:35:45 - Created File event - \\corp-app-11\c$\Users\trbadm\AppData\Local\TrulinX\ReportRunnerLogs\AutoPrinttmpC939.log
2022-12-01 12:35:55 - Created File event - \\corp-app-11\c$\Users\trbadm\AppData\Local\TrulinX\ReportRunnerLogs\AutoPrinttmpF106.log
2022-12-01 12:36:35 - Created File event - \\corp-app-11\c$\Users\trbadm\AppData\Local\TrulinX\ReportRunnerLogs\AutoPrinttmp8E60.log
2022-12-01 12:36:53 - Created File event - \\corp-app-11\c$\Users\trbadm\AppData\Local\TrulinX\ReportRunnerLogs\AutoPrinttmpD1A4.log
2022-12-01 12:37:09 - Created File event - \\corp-app-11\c$\Users\trbadm\AppData\Local\TrulinX\ReportRunnerLogs\AutoPrinttmpFF6.log
2022-12-01 12:37:30 - Created File event - \\corp-app-11\c$\Users\trbadm\AppData\Local\TrulinX\ReportRunnerLogs\AutoPrinttmp6328.log
2022-12-01 12:38:00 - Created File event - \\corp-app-11\c$\Users\trbadm\AppData\Local\TrulinX\ReportRunnerLogs\AutoPrinttmpD9B0.log
2022-12-01 12:38:21 - Created File event - \\corp-app-11\c$\Users\trbadm\AppData\Local\TrulinX\ReportRunnerLogs\AutoPrinttmp2C75.log
2022-12-01 12:38:32 - Created File event - \\corp-app-11\c$\Users\trbadm\AppData\Local\TrulinX\ReportRunnerLogs\AutoPrinttmp55E7.log
2022-12-01 12:38:54 - Created File event - \\corp-app-11\c$\Users\trbadm\AppData\Local\TrulinX\ReportRunnerLogs\AutoPrinttmpAD8E.log
2022-12-01 12:39:27 - Created File event - \\corp-app-11\c$\Users\trbadm\AppData\Local\TrulinX\ReportRunnerLogs\AutoPrinttmp2C54.log
2022-12-01 12:41:04 - Created File event - \\corp-app-11\c$\Users\trbadm\AppData\Local\TrulinX\ReportRunnerLogs\AutoPrinttmpA6DF.log
2022-12-01 12:41:42 - Created File event - \\corp-app-11\c$\Users\trbadm\AppData\Local\TrulinX\ReportRunnerLogs\AutoPrinttmp3D54.log
2022-12-01 12:42:23 - Created File event - \\corp-app-11\c$\Users\trbadm\AppData\Local\TrulinX\ReportRunnerLogs\AutoPrinttmpDB2B.log
2022-12-01 12:43:45 - Created File event - \\corp-app-11\c$\Users\trbadm\AppData\Local\TrulinX\ReportRunnerLogs\AutoPrinttmp1E0C.log
2022-12-01 12:44:11 - Created File event - \\corp-app-11\c$\Users\trbadm\AppData\Local\TrulinX\ReportRunnerLogs\AutoPrinttmp8071.log
2022-12-01 12:44:21 - Created File event - \\corp-app-11\c$\Users\trbadm\AppData\Local\TrulinX\ReportRunnerLogs\AutoPrinttmp90BE.log
2022-12-01 12:44:55 - Created File event - \\corp-app-11\c$\Users\trbadm\AppData\Local\TrulinX\ReportRunnerLogs\AutoPrinttmp2CFF.log
2022-12-01 12:45:46 - Created File event - \\corp-app-11\c$\Users\trbadm\AppData\Local\TrulinX\ReportRunnerLogs\AutoPrinttmpF6F7.log
2022-12-01 12:48:11 - Created File event - \\corp-app-11\c$\Users\trbadm\AppData\Local\TrulinX\ReportRunnerLogs\AutoPrinttmp2D6F.log
2022-12-01 12:48:21 - Created File event - \\corp-app-11\c$\Users\trbadm\AppData\Local\TrulinX\ReportRunnerLogs\AutoPrinttmp3001.log
2022-12-01 12:48:31 - Created File event - \\corp-app-11\c$\Users\trbadm\AppData\Local\TrulinX\ReportRunnerLogs\AutoPrinttmp79FB.log
2022-12-01 12:48:41 - Created File event - \\corp-app-11\c$\Users\trbadm\AppData\Local\TrulinX\ReportRunnerLogs\AutoPrinttmp8C2C.log
2022-12-01 12:49:42 - Created File event - \\corp-app-11\c$\Users\trbadm\AppData\Local\TrulinX\ReportRunnerLogs\AutoPrinttmp910B.log
2022-12-01 12:49:57 - Created File event - \\corp-app-11\c$\Users\trbadm\AppData\Local\TrulinX\ReportRunnerLogs\AutoPrinttmpC942.log
2022-12-01 12:51:13 - Created File event - \\corp-app-11\c$\Users\trbadm\AppData\Local\TrulinX\ReportRunnerLogs\AutoPrinttmpF223.log
2022-12-01 12:51:24 - Created File event - \\corp-app-11\c$\Users\trbadm\AppData\Local\TrulinX\ReportRunnerLogs\AutoPrinttmp1F4F.log
2022-12-01 12:51:34 - Created File event - \\corp-app-11\c$\Users\trbadm\AppData\Local\TrulinX\ReportRunnerLogs\AutoPrinttmp3837.log
2022-12-01 12:51:44 - Created File event - \\corp-app-11\c$\Users\trbadm\AppData\Local\TrulinX\ReportRunnerLogs\AutoPrinttmp51BB.log
2022-12-01 12:51:54 - Created File event - \\corp-app-11\c$\Users\trbadm\AppData\Local\TrulinX\ReportRunnerLogs\AutoPrinttmp5268.log
2022-12-01 12:52:24 - Created File event - \\corp-app-11\c$\Users\trbadm\AppData\Local\TrulinX\ReportRunnerLogs\AutoPrinttmp7A0.log
2022-12-01 12:53:15 - Created File event - \\corp-app-11\c$\Users\trbadm\AppData\Local\TrulinX\ReportRunnerLogs\AutoPrinttmpCDB0.log
2022-12-01 12:54:14 - Created File event - \\corp-app-11\c$\Users\trbadm\AppData\Local\TrulinX\ReportRunnerLogs\AutoPrinttmpB6C9.log
2022-12-01 12:54:24 - Created File event - \\corp-app-11\c$\Users\trbadm\AppData\Local\TrulinX\ReportRunnerLogs\AutoPrinttmpD7A0.log
2022-12-01 12:54:46 - Created File event - \\corp-app-11\c$\Users\trbadm\AppData\Local\TrulinX\ReportRunnerLogs\AutoPrinttmp3169.log
2022-12-01 12:56:36 - Created File event - \\corp-app-11\c$\Users\trbadm\AppData\Local\TrulinX\ReportRunnerLogs\AutoPrinttmpE11E.log
2022-12-01 12:57:29 - Created File event - \\corp-app-11\c$\Users\trbadm\AppData\Local\TrulinX\ReportRunnerLogs\AutoPrinttmpB036.log
2022-12-01 12:57:50 - Created File event - \\corp-app-11\c$\Users\trbadm\AppData\Local\TrulinX\ReportRunnerLogs\AutoPrinttmpFFBF.log
2022-12-01 12:58:00 - Created File event - \\corp-app-11\c$\Users\trbadm\AppData\Local\TrulinX\ReportRunnerLogs\AutoPrinttmp14A0.log
2022-12-01 12:58:10 - Created File event - \\corp-app-11\c$\Users\trbadm\AppData\Local\TrulinX\ReportRunnerLogs\AutoPrinttmp1E07.log
2022-12-01 12:59:42 - Created File event - \\corp-app-11\c$\Users\trbadm\AppData\Local\TrulinX\ReportRunnerLogs\AutoPrinttmpB6B9.log
2022-12-01 12:59:52 - Created File event - \\corp-app-11\c$\Users\trbadm\AppData\Local\TrulinX\ReportRunnerLogs\AutoPrinttmpC495.log
2022-12-01 13:00:44 - Created File event - \\corp-app-11\c$\Users\trbadm\AppData\Local\TrulinX\ReportRunnerLogs\AutoPrinttmpA7C2.log
2022-12-01 13:01:00 - Created File event - \\corp-app-11\c$\Users\trbadm\AppData\Local\TrulinX\ReportRunnerLogs\AutoPrinttmpE604.log
2022-12-01 13:02:14 - Created File event - \\corp-app-11\c$\Users\trbadm\AppData\Local\TrulinX\ReportRunnerLogs\AutoPrinttmp792.log
2022-12-01 13:03:04 - Created File event - \\corp-app-11\c$\Users\trbadm\AppData\Local\TrulinX\ReportRunnerLogs\AutoPrinttmpCAC4.log
2022-12-01 13:03:14 - Created File event - \\corp-app-11\c$\Users\trbadm\AppData\Local\TrulinX\ReportRunnerLogs\AutoPrinttmpD14D.log
2022-12-01 13:03:46 - Created File event - \\corp-app-11\c$\Users\trbadm\AppData\Local\TrulinX\ReportRunnerLogs\AutoPrinttmp704D.log
2022-12-01 13:03:58 - Created File event - \\corp-app-11\c$\Users\trbadm\AppData\Local\TrulinX\ReportRunnerLogs\AutoPrinttmpA0D4.log
2022-12-01 13:04:08 - Created File event - \\corp-app-11\c$\Users\trbadm\AppData\Local\TrulinX\ReportRunnerLogs\AutoPrinttmpB9CC.log
2022-12-01 13:04:19 - Created File event - \\corp-app-11\c$\Users\trbadm\AppData\Local\TrulinX\ReportRunnerLogs\AutoPrinttmpBAF6.log
2022-12-01 13:04:29 - Created File event - \\corp-app-11\c$\Users\trbadm\AppData\Local\TrulinX\ReportRunnerLogs\AutoPrinttmpDB9E.log
2022-12-01 13:04:59 - Created File event - \\corp-app-11\c$\Users\trbadm\AppData\Local\TrulinX\ReportRunnerLogs\AutoPrinttmp8EE2.log
2022-12-01 13:05:15 - Created File event - \\corp-app-11\c$\Users\trbadm\AppData\Local\TrulinX\ReportRunnerLogs\AutoPrinttmpCC1A.log
2022-12-01 13:05:57 - Created File event - \\corp-app-11\c$\Users\trbadm\AppData\Local\TrulinX\ReportRunnerLogs\AutoPrinttmp7089.log
2022-12-01 13:06:07 - Created File event - \\corp-app-11\c$\Users\trbadm\AppData\Local\TrulinX\ReportRunnerLogs\AutoPrinttmp7472.log
2022-12-01 13:06:52 - Created File event - \\corp-app-11\c$\Users\trbadm\AppData\Local\TrulinX\ReportRunnerLogs\AutoPrinttmp4698.log
2022-12-01 13:07:07 - Created File event - \\corp-app-11\c$\Users\trbadm\AppData\Local\TrulinX\ReportRunnerLogs\AutoPrinttmp8170.log
2022-12-01 13:07:41 - Created File event - \\corp-app-11\c$\Users\trbadm\AppData\Local\TrulinX\ReportRunnerLogs\AutoPrinttmp5A4.log
2022-12-01 13:08:02 - Created File event - \\corp-app-11\c$\Users\trbadm\AppData\Local\TrulinX\ReportRunnerLogs\AutoPrinttmp58E6.log
2022-12-01 13:09:29 - Created File event - \\corp-app-11\c$\Users\trbadm\AppData\Local\TrulinX\ReportRunnerLogs\AutoPrinttmpAA8C.log
2022-12-01 13:09:39 - Created File event - \\corp-app-11\c$\Users\trbadm\AppData\Local\TrulinX\ReportRunnerLogs\AutoPrinttmpB5C8.log
2022-12-01 13:09:50 - Created File event - \\corp-app-11\c$\Users\trbadm\AppData\Local\TrulinX\ReportRunnerLogs\AutoPrinttmpFEAA.log
2022-12-01 13:10:00 - Created File event - \\corp-app-11\c$\Users\trbadm\AppData\Local\TrulinX\ReportRunnerLogs\AutoPrinttmp2240.log
2022-12-01 13:10:10 - Created File event - \\corp-app-11\c$\Users\trbadm\AppData\Local\TrulinX\ReportRunnerLogs\AutoPrinttmp43C3.log
2022-12-01 13:12:05 - Created File event - \\corp-app-11\c$\Users\trbadm\AppData\Local\TrulinX\ReportRunnerLogs\AutoPrinttmpB45.log
2022-12-01 13:12:34 - Created File event - \\corp-app-11\c$\Users\trbadm\AppData\Local\TrulinX\ReportRunnerLogs\AutoPrinttmp7E34.log
2022-12-01 13:13:00 - Created File event - \\corp-app-11\c$\Users\trbadm\AppData\Local\TrulinX\ReportRunnerLogs\AutoPrinttmpE3D5.log
